<?xml version="1.0" encoding="utf-8"?><testsuites name="pytest tests"><testsuite name="pytest" errors="0" failures="0" skipped="0" tests="3" time="0.629" timestamp="2026-03-17T12:07:52.562914+00:00" hostname="agent-env-05377552-b9bd-42ea-a3d6-c0b8afb2d181"><testcase classname="tests.test_friends_activity.TestFriendsActivity" name="test_friends_activity_endpoint" time="0.298" /><testcase classname="tests.test_friends_activity.TestFriendsActivity" name="test_friends_activity_pagination" time="0.152" /><testcase classname="tests.test_friends_activity.TestFriendsActivity" name="test_friends_activity_without_auth" time="0.129" /></testsuite></testsuites>