<?xml version="1.0" encoding="utf-8"?><testsuites name="pytest tests"><testsuite name="pytest" errors="0" failures="0" skipped="0" tests="4" time="2.182" timestamp="2026-08-19T17:19:37.527555+00:00" hostname="agent-env-9f5542a9-1709-45e1-9d75-6eea10f9aa13"><testcase classname="backend.tests.test_youtube_search.TestYoutubeSearchAuth" name="test_search_requires_auth" time="0.431" /><testcase classname="backend.tests.test_youtube_search.TestYoutubeSearchValidation" name="test_empty_query_returns_400" time="0.655" /><testcase classname="backend.tests.test_youtube_search.TestYoutubeSearchHappyPath" name="test_search_returns_results_and_uses_cache" time="0.626" /><testcase classname="backend.tests.test_youtube_search.TestVideosFetchInfoRegression" name="test_fetch_info_valid_url" time="0.367" /></testsuite></testsuites>