<?xml version="1.0" encoding="utf-8"?><testsuites name="pytest tests"><testsuite name="pytest" errors="0" failures="0" skipped="0" tests="4" time="0.808" timestamp="2026-03-17T11:53:56.830139+00:00" hostname="agent-env-05377552-b9bd-42ea-a3d6-c0b8afb2d181"><testcase classname="tests.test_profile_update.TestProfileUpdate" name="test_update_profile_name_and_bio" time="0.402" /><testcase classname="tests.test_profile_update.TestProfileUpdate" name="test_update_profile_name_only" time="0.127" /><testcase classname="tests.test_profile_update.TestProfileUpdate" name="test_update_profile_bio_only" time="0.122" /><testcase classname="tests.test_profile_update.TestProfileUpdate" name="test_update_profile_empty_bio" time="0.111" /></testsuite></testsuites>