<?xml version="1.0" encoding="utf-8"?><testsuites name="pytest tests"><testsuite name="pytest" errors="0" failures="0" skipped="0" tests="21" time="10.404" timestamp="2026-03-17T11:39:24.480692+00:00" hostname="agent-env-05377552-b9bd-42ea-a3d6-c0b8afb2d181"><testcase classname="tests.test_social_cinema_api.TestHealth" name="test_health_endpoint" time="0.279" /><testcase classname="tests.test_social_cinema_api.TestAuth" name="test_auth_me_with_valid_token" time="0.125" /><testcase classname="tests.test_social_cinema_api.TestAuth" name="test_auth_me_without_token" time="0.144" /><testcase classname="tests.test_social_cinema_api.TestAuth" name="test_register_new_user" time="0.444" /><testcase classname="tests.test_social_cinema_api.TestAuth" name="test_register_duplicate_email" time="0.368" /><testcase classname="tests.test_social_cinema_api.TestAuth" name="test_login_with_valid_credentials" time="0.724" /><testcase classname="tests.test_social_cinema_api.TestAuth" name="test_login_with_invalid_credentials" time="0.332" /><testcase classname="tests.test_social_cinema_api.TestUsers" name="test_search_users" time="0.111" /><testcase classname="tests.test_social_cinema_api.TestUsers" name="test_get_user_profile" time="0.242" /><testcase classname="tests.test_social_cinema_api.TestUsers" name="test_update_user_profile" time="0.273" /><testcase classname="tests.test_social_cinema_api.TestFriends" name="test_friend_request_flow" time="0.861" /><testcase classname="tests.test_social_cinema_api.TestFriends" name="test_get_friends_list" time="0.135" /><testcase classname="tests.test_social_cinema_api.TestFriends" name="test_get_friend_status" time="0.443" /><testcase classname="tests.test_social_cinema_api.TestVideos" name="test_rate_video" time="0.282" /><testcase classname="tests.test_social_cinema_api.TestVideos" name="test_rate_video_invalid_rating" time="0.103" /><testcase classname="tests.test_social_cinema_api.TestVideos" name="test_get_feed" time="0.104" /><testcase classname="tests.test_social_cinema_api.TestVideos" name="test_get_discover" time="0.110" /><testcase classname="tests.test_social_cinema_api.TestVideos" name="test_search_videos" time="0.139" /><testcase classname="tests.test_social_cinema_api.TestVideos" name="test_get_video_detail" time="0.120" /><testcase classname="tests.test_social_cinema_api.TestVideos" name="test_add_comment_to_video" time="0.238" /><testcase classname="tests.test_social_cinema_api.TestRecommendations" name="test_get_recommendations" time="4.697" /></testsuite></testsuites>