<?xml version="1.0" encoding="utf-8"?><testsuites name="pytest tests"><testsuite name="pytest" errors="0" failures="0" skipped="0" tests="17" time="19.197" timestamp="2026-08-18T18:15:35.133762+00:00" hostname="agent-env-9f5542a9-1709-45e1-9d75-6eea10f9aa13"><testcase classname="tests.test_new_features_iter4.TestAuthNewFlow" name="test_register_requires_age_confirmed" time="0.424" /><testcase classname="tests.test_new_features_iter4.TestAuthNewFlow" name="test_register_returns_requires_verification" time="1.172" /><testcase classname="tests.test_new_features_iter4.TestAuthNewFlow" name="test_register_existing_unverified_resends_code" time="3.496" /><testcase classname="tests.test_new_features_iter4.TestAuthNewFlow" name="test_verify_code_wrong_then_correct" time="2.323" /><testcase classname="tests.test_new_features_iter4.TestAuthNewFlow" name="test_verify_code_rate_limit_429" time="2.078" /><testcase classname="tests.test_new_features_iter4.TestAuthNewFlow" name="test_resend_code_cooldown" time="1.422" /><testcase classname="tests.test_new_features_iter4.TestAuthNewFlow" name="test_resend_code_verified_email_400" time="0.141" /><testcase classname="tests.test_new_features_iter4.TestAuthNewFlow" name="test_login_unverified_returns_403" time="3.062" /><testcase classname="tests.test_new_features_iter4.TestAuthNewFlow" name="test_login_testcode_success" time="0.376" /><testcase classname="tests.test_new_features_iter4.TestRemovedEndpoints" name="test_google_session_removed" time="0.160" /><testcase classname="tests.test_new_features_iter4.TestRemovedEndpoints" name="test_youtube_search_removed" time="0.165" /><testcase classname="tests.test_new_features_iter4.TestRemovedEndpoints" name="test_youtube_trending_removed" time="0.206" /><testcase classname="tests.test_new_features_iter4.TestReports" name="test_report_requires_auth" time="0.136" /><testcase classname="tests.test_new_features_iter4.TestReports" name="test_report_invalid_type" time="0.514" /><testcase classname="tests.test_new_features_iter4.TestReports" name="test_report_success" time="0.209" /><testcase classname="tests.test_new_features_iter4.TestBlocking" name="test_block_unblock_list_flow" time="2.819" /><testcase classname="tests.test_new_features_iter4.TestBlocking" name="test_cannot_block_self" time="0.316" /></testsuite></testsuites>